[00:52:04] [User Authenticator #2/INFO]: UUID of player CChatchawam is 750488b5-0b2e-4664-bd49-1a5827147373
[00:52:05] [Server thread/INFO]: CChatchawam[/172.30.99.150:61546] logged in with entity id 6946 at (174.34387686064937, 102.7531999805212, 1552.4542924909965)
[00:52:05] [Server thread/INFO]: CChatchawam joined the game
[00:52:11] [Server thread/WARN]: CChatchawam moved too quickly! 1.5852923491622448,0.0,-22.53291159024002
[00:52:12] [Server thread/WARN]: CChatchawam moved too quickly! 0.2003610450088047,-2.25,-12.699218544999212
[00:52:12] [Server thread/WARN]: CChatchawam moved too quickly! 0.17796472828248966,0.0,-11.317600684769559
[00:52:12] [Server thread/WARN]: CChatchawam moved too quickly! 0.1486671770445014,0.0,-11.317998287325508
[00:52:56] [Server thread/WARN]: CChatchawam moved too quickly! -0.7318613983917714,0.0,-11.63901328621364
[00:52:58] [Server thread/WARN]: CChatchawam moved too quickly! -0.7199038472010955,0.0,-11.639737689510639
[00:52:59] [Server thread/WARN]: CChatchawam moved too quickly! -0.6414542098903553,0.0,-11.644346165533989
[00:52:59] [Server thread/WARN]: CChatchawam moved too quickly! -0.31004844954355804,0.0,-11.654341838711389
[00:53:01] [Server thread/WARN]: CChatchawam moved too quickly! -1.8250013894285075,0.0,-11.518317270366197
[00:53:01] [Server thread/WARN]: CChatchawam moved too quickly! -1.8250013894285075,0.0,-11.518317270366197
[00:53:02] [Server thread/WARN]: CChatchawam moved too quickly! -1.8251466176425737,0.0,-11.518213500463048
[00:53:03] [Server thread/WARN]: CChatchawam moved too quickly! -1.5387249521343165,4.500000000000028,-9.876859120907284
[00:53:05] [Server thread/WARN]: CChatchawam moved too quickly! -1.5387249521343165,2.700000000000017,-9.876859120907284
[00:53:11] [Server thread/WARN]: CChatchawam moved too quickly! 4.60138434893085,0.0,-9.905114936380642
[00:53:15] [Server thread/WARN]: CChatchawam moved too quickly! -0.3979592984822773,0.0,-11.655208640133878
[00:53:19] [Server thread/WARN]: CChatchawam moved too quickly! -3.0780639837731627,0.0,-11.248457033178283
[00:53:20] [Server thread/WARN]: CChatchawam moved too quickly! -3.0780639837731627,0.0,-11.248457033178283
[00:53:50] [Server thread/WARN]: CChatchawam moved too quickly! -1.5248290434548437,2.975575911786308,-9.746104147125607
[00:55:50] [Server thread/INFO]: CChatchawam has made the advancement [Isn't It Iron Pick]
[00:58:21] [Server thread/INFO]: CChatchawam lost connection: Timed out
[00:58:21] [Server thread/INFO]: CChatchawam left the game
[01:21:09] [Server thread/WARN]: Mismatch in destroy block pos: class_2338{x=58, y=67, z=456} class_2338{x=57, y=67, z=456}
[01:21:09] [Server thread/WARN]: Mismatch in destroy block pos: class_2338{x=58, y=67, z=456} class_2338{x=57, y=67, z=456}
[01:21:09] [Server thread/WARN]: Mismatch in destroy block pos: class_2338{x=58, y=67, z=456} class_2338{x=57, y=67, z=456}
[01:21:09] [Server thread/WARN]: Mismatch in destroy block pos: class_2338{x=58, y=67, z=456} class_2338{x=57, y=67, z=456}
[01:21:09] [Server thread/WARN]: Mismatch in destroy block pos: class_2338{x=58, y=67, z=456} class_2338{x=57, y=67, z=456}
[01:21:10] [Server thread/WARN]: Mismatch in destroy block pos: class_2338{x=58, y=67, z=456} class_2338{x=57, y=67, z=456}
[01:21:10] [Server thread/WARN]: Mismatch in destroy block pos: class_2338{x=58, y=67, z=456} class_2338{x=57, y=67, z=456}
[01:21:10] [Server thread/WARN]: Mismatch in destroy block pos: class_2338{x=58, y=67, z=456} class_2338{x=57, y=67, z=456}
[01:21:33] [Server thread/WARN]: Mismatch in destroy block pos: class_2338{x=58, y=67, z=456} class_2338{x=60, y=66, z=461}
[01:21:33] [Server thread/WARN]: Mismatch in destroy block pos: class_2338{x=58, y=67, z=456} class_2338{x=60, y=66, z=461}
[01:27:58] [Server thread/WARN]: Mismatch in destroy block pos: class_2338{x=66, y=66, z=435} class_2338{x=59, y=65, z=434}
[01:33:54] [Server thread/INFO]: Marypoppin888 lost connection: Disconnected
[01:33:54] [Server thread/INFO]: Marypoppin888 left the game
[01:34:16] [Server thread/INFO]: Stopping the server
[01:34:16] [Server thread/INFO]: Stopping server
[01:34:16] [Server thread/INFO]: Saving players
[01:34:16] [Server thread/INFO]: Saving worlds
[01:34:16] [Server thread/INFO]: Saving chunks for level 'ServerLevel[world]'/minecraft:overworld
[01:34:16] [Server thread/INFO]: Saving chunks for level 'ServerLevel[world]'/minecraft:the_end
[01:34:16] [Server thread/INFO]: Saving chunks for level 'ServerLevel[world]'/minecraft:the_nether
[01:34:16] [Server thread/INFO]: ThreadedAnvilChunkStorage (world): All chunks are saved
[01:34:16] [Server thread/INFO]: ThreadedAnvilChunkStorage (DIM1): All chunks are saved
[01:34:16] [Server thread/INFO]: ThreadedAnvilChunkStorage (DIM-1): All chunks are saved
[01:34:16] [Server thread/INFO]: ThreadedAnvilChunkStorage: All dimensions are saved
